C:\USERS\IZZOH\DOCUMENTS\VISUAL STUDIO 2010\PROJECTS\FACEBY\DEBUG\FACEBY.EXE
C:\USERS\IZZOH\DOCUMENTS\VISUAL STUDIO 2010\PROJECTS\FACEBY\DEBUG\FACEBY.ILK
C:\USERS\IZZOH\DOCUMENTS\VISUAL STUDIO 2010\PROJECTS\FACEBY\DEBUG\FACEBY.PDB
C:\Users\izzoh\documents\visual studio 2010\Projects\Faceby\Faceby\Debug\cl.command.1.tlog
C:\Users\izzoh\documents\visual studio 2010\Projects\Faceby\Faceby\Debug\CL.read.1.tlog
C:\Users\izzoh\documents\visual studio 2010\Projects\Faceby\Faceby\Debug\CL.write.1.tlog
C:\USERS\IZZOH\DOCUMENTS\VISUAL STUDIO 2010\PROJECTS\FACEBY\FACEBY\DEBUG\DETECTOBJECT.OBJ
C:\USERS\IZZOH\DOCUMENTS\VISUAL STUDIO 2010\PROJECTS\FACEBY\FACEBY\DEBUG\FACEBY.EXE.INTERMEDIATE.MANIFEST
C:\Users\izzoh\documents\visual studio 2010\Projects\Faceby\Faceby\Debug\Faceby.write.1.tlog
C:\USERS\IZZOH\DOCUMENTS\VISUAL STUDIO 2010\PROJECTS\FACEBY\FACEBY\DEBUG\IMAGEUTILS_0.7.OBJ
C:\Users\izzoh\documents\visual studio 2010\Projects\Faceby\Faceby\Debug\link.command.1.tlog
C:\Users\izzoh\documents\visual studio 2010\Projects\Faceby\Faceby\Debug\link.read.1.tlog
C:\Users\izzoh\documents\visual studio 2010\Projects\Faceby\Faceby\Debug\link.write.1.tlog
C:\USERS\IZZOH\DOCUMENTS\VISUAL STUDIO 2010\PROJECTS\FACEBY\FACEBY\DEBUG\MAIN.OBJ
C:\Users\izzoh\documents\visual studio 2010\Projects\Faceby\Faceby\Debug\mt.command.1.tlog
C:\Users\izzoh\documents\visual studio 2010\Projects\Faceby\Faceby\Debug\mt.read.1.tlog
C:\Users\izzoh\documents\visual studio 2010\Projects\Faceby\Faceby\Debug\mt.write.1.tlog
C:\USERS\IZZOH\DOCUMENTS\VISUAL STUDIO 2010\PROJECTS\FACEBY\FACEBY\DEBUG\PREPROCESSFACE.OBJ
C:\USERS\IZZOH\DOCUMENTS\VISUAL STUDIO 2010\PROJECTS\FACEBY\FACEBY\DEBUG\RECOGNITION.OBJ
C:\Users\izzoh\documents\visual studio 2010\Projects\Faceby\Faceby\Debug\vc100.idb
C:\USERS\IZZOH\DOCUMENTS\VISUAL STUDIO 2010\PROJECTS\FACEBY\FACEBY\DEBUG\VC100.PDB
